adm;term=admission
Adm;term=admission
disch;term=discharge
Disch;term=discharge
fhx;term=family history
Fhx;term=family history
FHx;term=family history
FHX;term=family history
h/o;term=history of
H/O;term=history of
H/oPI;term=history of the present illness
H&P;term=history and physical examination
HPI;term=history of the present illness
Hx;term=history of
OOB;term=out of bed
PHx;term=past history
PMH;term=past medical history
pmhx;term=past medical history
PSH;term=past surgical history
ROS;term=review of systems
SH;term=social history
sHx;term=social history
SHX;term=social history
SHx;term=surgical history
T/F;term=transfer
TF;term=transfer
TRF;term=transfer
WD;term=well developed
WDWN;term=well developed and well nourished
WH;term=well hydrated
WN;term=well nourished